<?xml version="1.0" encoding="UTF-8"?>
<!-- Generated by org.testng.reporters.JUnitXMLReporter -->
<testsuite hostname="DESKTOP-30FNJH5" name="Default test" tests="10" failures="0" timestamp="15 Mar 2021 03:23:51 GMT" time="0.493" errors="0">
  <testcase name="testcase" time="0.018" classname="pkg1.datadriventesting"/>
  <testcase name="testcase" time="0.007" classname="pkg1.datadriventesting"/>
  <testcase name="testcase" time="0.008" classname="pkg1.datadriventesting"/>
  <testcase name="testcase" time="0.005" classname="pkg1.datadriventesting"/>
  <testcase name="testcase" time="0.011" classname="pkg1.datadriventesting"/>
  <testcase name="testcase" time="0.011" classname="pkg1.datadriventesting"/>
  <testcase name="testcase" time="0.002" classname="pkg1.datadriventesting"/>
  <testcase name="testcase" time="0.006" classname="pkg1.datadriventesting"/>
  <testcase name="testcase" time="0.002" classname="pkg1.datadriventesting"/>
  <testcase name="testcase" time="0.003" classname="pkg1.datadriventesting"/>
</testsuite> <!-- Default test -->
