<?xml version="1.0" encoding="UTF-8"?>
<testng-results skipped="0" failed="0" total="4" passed="4">
  <reporter-output>
  </reporter-output>
  <suite name="Suite" duration-ms="108" started-at="2021-03-15T03:31:46Z" finished-at="2021-03-15T03:31:46Z">
    <groups>
      <group name="Sanity">
        <method signature="datadriventesting.testcase1223()[pri:0, instance:pkg1.datadriventesting@2893de87]" name="testcase1223" class="pkg1.datadriventesting"/>
        <method signature="datadriventesting.testcase1323()[pri:0, instance:pkg1.datadriventesting@2893de87]" name="testcase1323" class="pkg1.datadriventesting"/>
        <method signature="datadriventesting.testcase133()[pri:0, instance:pkg1.datadriventesting@2893de87]" name="testcase133" class="pkg1.datadriventesting"/>
        <method signature="datadriventesting.testcase1333()[pri:0, instance:pkg1.datadriventesting@2893de87]" name="testcase1333" class="pkg1.datadriventesting"/>
      </group> <!-- Sanity -->
    </groups>
    <test name="Test" duration-ms="108" started-at="2021-03-15T03:31:46Z" finished-at="2021-03-15T03:31:46Z">
      <class name="pkg1.datadriventesting">
        <test-method status="PASS" signature="testcase1223()[pri:0, instance:pkg1.datadriventesting@2893de87]" name="testcase1223" duration-ms="25" started-at="2021-03-14T20:31:46Z" finished-at="2021-03-14T20:31:46Z">
          <reporter-output>
          </reporter-output>
        </test-method> <!-- testcase1223 -->
        <test-method status="PASS" signature="testcase1323()[pri:0, instance:pkg1.datadriventesting@2893de87]" name="testcase1323" duration-ms="4" started-at="2021-03-14T20:31:46Z" finished-at="2021-03-14T20:31:46Z">
          <reporter-output>
          </reporter-output>
        </test-method> <!-- testcase1323 -->
        <test-method status="PASS" signature="testcase133()[pri:0, instance:pkg1.datadriventesting@2893de87]" name="testcase133" duration-ms="3" started-at="2021-03-14T20:31:46Z" finished-at="2021-03-14T20:31:46Z">
          <reporter-output>
          </reporter-output>
        </test-method> <!-- testcase133 -->
        <test-method status="PASS" signature="testcase1333()[pri:0, instance:pkg1.datadriventesting@2893de87]" name="testcase1333" duration-ms="16" started-at="2021-03-14T20:31:46Z" finished-at="2021-03-14T20:31:46Z">
          <reporter-output>
          </reporter-output>
        </test-method> <!-- testcase1333 -->
      </class> <!-- pkg1.datadriventesting -->
    </test> <!-- Test -->
  </suite> <!-- Suite -->
</testng-results>
